================================================================================
JobID = 4885579
User = bzkurs45, Account = bzkurs45
Partition = grete:shared, Nodelist = ggpu146
================================================================================
Submitting job with sbatch from directory: /home/bzkurs45/dnlp_ss23_semantic_foxes
Home directory: /home/bzkurs45
Working directory: /home/bzkurs45/dnlp_ss23_semantic_foxes
Current node: ggpu146
Python 3.8.5
nvcc: NVIDIA (R) Cuda compiler driver
Copyright (c) 2005-2023 NVIDIA Corporation
Built on Fri_Jan__6_16:45:21_PST_2023
Cuda compilation tools, release 12.0, V12.0.140
Build cuda_12.0.r12.0/compiler.32267302_0
============ Job Information ===================================================
Submitted: 2023-09-01T13:20:36
Started: 2023-09-01T13:20:37
Ended: 2023-09-01T13:20:41
Elapsed: 1 min, Limit: 1200 min, Difference: 1199 min
CPUs: 4, Nodes: 1
Estimated NPL: ================================================================================
